<?xml version="1.0" encoding="UTF-8"?>
<!-- Generated by org.testng.reporters.JUnitReportReporter -->
<testsuite hostname="DESKTOP-NJ97IE9" failures="0" tests="1" name="tests.BaseClass" time="2.827" errors="0" timestamp="2024-02-16T12:45:23 IST" skipped="0">
  <testcase classname="tests.BaseClass" name="sampleTest" time="2.827"/>
</testsuite> <!-- tests.BaseClass -->
