<?xml version="1.0" encoding="UTF-8"?>
<!-- Generated by org.testng.reporters.JUnitReportReporter -->
<testsuite hostname="DESKTOP-NJ97IE9" failures="0" tests="2" name="tests.SearchTest" time="19.134" errors="0" timestamp="2024-02-16T13:20:00 IST" skipped="0">
  <testcase classname="tests.SearchTest" name="test1" time="6.828"/>
  <system-out/>
  <testcase classname="tests.SearchTest" name="test2" time="12.306"/>
  <system-out/>
</testsuite> <!-- tests.SearchTest -->
