<?xml version="1.0" encoding="UTF-8"?>
<!-- Generated by org.testng.reporters.JUnitReportReporter -->
<testsuite hostname="DESKTOP-NJ97IE9" failures="0" tests="2" name="tests.SearchTest" time="17.709" errors="0" timestamp="2024-02-20T13:23:22 IST" skipped="0">
  <testcase classname="tests.SearchTest" name="test1" time="7.942"/>
  <system-out/>
  <testcase classname="tests.SearchTest" name="test2" time="9.767"/>
  <system-out/>
</testsuite> <!-- tests.SearchTest -->
